<?xml version="1.0" encoding="UTF-8"?>
<!-- Generated by org.testng.reporters.JUnitXMLReporter -->
<testsuite ignored="2" hostname="DESKTOP-M0LMLQD" failures="0" tests="0" time="0.002" errors="0" timestamp="12 Jun 2022 17:38:48 GMT">
  <testcase classname="testcases.AppleTest" name="login_into_with_invalid_pswd_test" time="0.0">
    <ignored/>
  </testcase> <!-- login_into_with_invalid_pswd_test -->
  <testcase classname="testcases.AppleTest" name="click_on_bag_test" time="0.0">
    <ignored/>
  </testcase> <!-- click_on_bag_test -->
</testsuite>
